<?xml version="1.0" encoding="UTF-8" ?>
<testsuite tests="4" failures="0" name="br.ufrn.imd.param.CalculoImpostoRendaTest" time="0.003" errors="0" skipped="0">
  <properties>
[...]
</properties>
  <testcase classname="br.ufrn.imd.param.CalculoImpostoRendaTest" name="testCalculoImpostoRenda[0]" time="0.003"/>
  <testcase classname="br.ufrn.imd.param.CalculoImpostoRendaTest" name="testCalculoImpostoRenda[1]" time="0"/>
  <testcase classname="br.ufrn.imd.param.CalculoImpostoRendaTest" name="testCalculoImpostoRenda[2]" time="0"/>
  <testcase classname="br.ufrn.imd.param.CalculoImpostoRendaTest" name="testCalculoImpostoRenda[3]" time="0"/>
</testsuite>